[2025-10-24 12:46:23] [App1] [ERROR]: Disk space low
[2025-10-24 12:46:25] [App1] [ERROR]: UI button clicked
[2025-10-24 12:46:28] [App1] [INFO]: Disk space low
[2025-10-24 12:46:30] [App1] [WARN]: User login successful
[2025-10-24 12:46:33] [App1] [ERROR]: File saved successfully
[2025-10-24 12:46:35] [App1] [ERROR]: File saved successfully
[2025-10-24 12:46:37] [App1] [WARN]: Unauthorized access attempt
[2025-10-24 12:46:39] [App1] [INFO]: UI button clicked
[2025-10-24 12:46:40] [App1] [ERROR]: Disk space low
[2025-10-24 12:46:42] [App1] [INFO]: User login successful
[2025-10-24 12:46:44] [App1] [ERROR]: File saved successfully
[2025-10-24 12:46:45] [App1] [INFO]: User login successful
[2025-10-24 12:46:48] [App1] [WARN]: UI button clicked
[2025-10-24 12:46:50] [App1] [ERROR]: Unauthorized access attempt
[2025-10-24 12:46:52] [App1] [ERROR]: File saved successfully
[2025-10-24 12:46:54] [App1] [INFO]: UI button clicked
[2025-10-24 12:46:56] [App1] [ERROR]: User login successful
[2025-10-24 12:46:59] [App1] [INFO]: Disk space low
[2025-10-24 12:47:01] [App1] [ERROR]: Unauthorized access attempt
[2025-10-24 12:47:03] [App1] [WARN]: Unauthorized access attempt
[2025-10-24 12:50:39] [App1] [WARN]: Disk space low
[2025-10-24 12:50:41] [App1] [WARN]: Unauthorized access attempt
[2025-10-24 12:50:42] [App1] [INFO]: UI button clicked
[2025-10-24 12:50:45] [App1] [WARN]: User login successful
[2025-10-24 12:50:47] [App1] [INFO]: User login successful
[2025-10-24 12:50:50] [App1] [WARN]: File saved successfully
[2025-10-24 12:50:52] [App1] [ERROR]: User login successful
[2025-10-24 12:50:55] [App1] [ERROR]: File saved successfully
[2025-10-24 12:50:58] [App1] [INFO]: UI button clicked
[2025-10-24 12:51:02] [App1] [ERROR]: Disk space low
[2025-10-24 12:51:05] [App1] [WARN]: File saved successfully
[2025-10-24 12:51:07] [App1] [INFO]: Unauthorized access attempt
[2025-10-24 12:51:09] [App1] [INFO]: File saved successfully
[2025-10-24 12:51:10] [App1] [INFO]: UI button clicked
[2025-10-24 12:51:12] [App1] [WARN]: User login successful
[2025-10-24 12:51:14] [App1] [WARN]: User login successful
[2025-10-24 12:51:17] [App1] [INFO]: Unauthorized access attempt
[2025-10-24 12:51:20] [App1] [WARN]: UI button clicked
[2025-10-24 12:51:22] [App1] [INFO]: User login successful
[2025-10-24 12:51:23] [App1] [ERROR]: UI button clicked
[2025-10-24 13:06:57] [App1] [WARN]: Disk space low
[2025-10-24 13:06:58] [App1] [INFO]: File saved successfully
[2025-10-24 13:07:01] [App1] [WARN]: UI button clicked
[2025-10-24 13:07:03] [App1] [ERROR]: File saved successfully
[2025-10-24 13:07:05] [App1] [ERROR]: Unauthorized access attempt
[2025-10-24 13:07:05] [App1] [ERROR]: User login successful
[2025-10-24 13:07:07] [App1] [ERROR]: Disk space low
[2025-10-24 13:07:10] [App1] [WARN]: Unauthorized access attempt
[2025-10-24 13:07:13] [App1] [ERROR]: Unauthorized access attempt
[2025-10-24 13:07:15] [App1] [INFO]: UI button clicked
[2025-10-24 13:07:17] [App1] [INFO]: File saved successfully
[2025-10-24 13:07:19] [App1] [INFO]: Unauthorized access attempt
[2025-10-24 13:07:21] [App1] [WARN]: UI button clicked
[2025-10-24 13:07:24] [App1] [INFO]: Unauthorized access attempt
[2025-10-24 13:07:25] [App1] [WARN]: Unauthorized access attempt
[2025-10-24 13:07:27] [App1] [ERROR]: UI button clicked
[2025-10-24 13:07:29] [App1] [WARN]: File saved successfully
[2025-10-24 13:07:32] [App1] [WARN]: File saved successfully
[2025-10-24 13:07:33] [App1] [ERROR]: User login successful
[2025-10-24 13:07:34] [App1] [WARN]: Unauthorized access attempt
[2025-10-24 14:13:08] [App1] [ERROR]: File saved successfully
[2025-10-24 14:13:11] [App1] [WARN]: UI button clicked
[2025-10-24 14:13:14] [App1] [WARN]: Unauthorized access attempt
[2025-10-24 14:13:15] [App1] [WARN]: User login successful
[2025-10-24 14:13:16] [App1] [ERROR]: User login successful
[2025-10-24 14:13:18] [App1] [ERROR]: File saved successfully
[2025-10-24 14:13:19] [App1] [INFO]: User login successful
[2025-10-24 14:13:22] [App1] [ERROR]: Disk space low
[2025-10-24 14:13:25] [App1] [WARN]: UI button clicked
[2025-10-24 14:13:27] [App1] [WARN]: Unauthorized access attempt
[2025-10-24 14:13:28] [App1] [WARN]: File saved successfully
[2025-10-24 14:13:29] [App1] [WARN]: Unauthorized access attempt
[2025-10-24 14:13:32] [App1] [WARN]: File saved successfully
[2025-10-24 14:13:34] [App1] [ERROR]: User login successful
[2025-10-24 14:13:36] [App1] [ERROR]: Disk space low
[2025-10-24 14:13:37] [App1] [WARN]: Unauthorized access attempt
[2025-10-24 14:13:39] [App1] [WARN]: User login successful
[2025-10-24 14:13:41] [App1] [ERROR]: Unauthorized access attempt
[2025-10-24 14:13:44] [App1] [ERROR]: UI button clicked
[2025-10-24 14:13:46] [App1] [INFO]: Unauthorized access attempt
[2025-10-24 14:51:15] [App1] [WARN]: User login successful
[2025-10-24 14:51:17] [App1] [WARN]: Unauthorized access attempt
[2025-10-24 14:51:19] [App1] [INFO]: Disk space low
[2025-10-24 14:51:21] [App1] [INFO]: Disk space low
[2025-10-24 14:51:23] [App1] [ERROR]: Unauthorized access attempt
[2025-10-24 14:51:25] [App1] [ERROR]: Disk space low
[2025-10-24 14:51:28] [App1] [ERROR]: Disk space low
[2025-10-24 14:51:29] [App1] [WARN]: UI button clicked
[2025-10-24 14:51:31] [App1] [INFO]: User login successful
[2025-10-24 14:51:32] [App1] [INFO]: User login successful
[2025-10-24 14:51:33] [App1] [INFO]: UI button clicked
[2025-10-24 14:51:34] [App1] [ERROR]: Disk space low
[2025-10-24 14:51:37] [App1] [INFO]: Disk space low
[2025-10-24 14:51:38] [App1] [WARN]: UI button clicked
[2025-10-24 14:51:41] [App1] [ERROR]: User login successful
[2025-10-24 14:51:44] [App1] [ERROR]: File saved successfully
[2025-10-24 14:51:45] [App1] [ERROR]: Disk space low
[2025-10-24 14:51:48] [App1] [ERROR]: File saved successfully
[2025-10-24 14:51:49] [App1] [WARN]: User login successful
[2025-10-24 15:02:40] [App1] [INFO]: Unauthorized access attempt
[2025-10-24 15:02:41] [App1] [WARN]: User login successful
[2025-10-24 15:02:43] [App1] [WARN]: User login successful
[2025-10-24 15:02:45] [App1] [INFO]: UI button clicked
[2025-10-24 15:02:46] [App1] [INFO]: Disk space low
[2025-10-24 15:02:49] [App1] [INFO]: UI button clicked
[2025-10-24 15:02:51] [App1] [INFO]: UI button clicked
[2025-10-24 15:02:52] [App1] [INFO]: User login successful
[2025-10-24 15:02:54] [App1] [WARN]: User login successful
[2025-10-24 15:02:56] [App1] [WARN]: File saved successfully
[2025-10-24 15:02:59] [App1] [INFO]: Unauthorized access attempt
[2025-10-24 15:03:01] [App1] [ERROR]: User login successful
[2025-10-24 15:03:03] [App1] [INFO]: Unauthorized access attempt
[2025-10-24 15:03:05] [App1] [INFO]: Unauthorized access attempt
[2025-10-24 15:03:06] [App1] [INFO]: Disk space low
[2025-10-24 15:03:07] [App1] [ERROR]: Unauthorized access attempt
[2025-10-24 15:03:10] [App1] [INFO]: User login successful
[2025-10-24 15:03:11] [App1] [INFO]: Unauthorized access attempt
[2025-10-24 15:03:12] [App1] [ERROR]: User login successful
[2025-10-24 15:03:14] [App1] [INFO]: Unauthorized access attempt
